


ARM Macro Assembler    Page 1 


    1 00000000                 PRESERVE8
    2 00000000                 THUMB
    3 00000000         
    4 00000000         
    5 00000000         ; ====================== zone de réservation de données,
                         ======================================
    6 00000000         ;Section RAM (read only) :
    7 00000000                 area             mesdata,data,readonly
    8 00000000         
    9 00000000         
   10 00000000         ;Section RAM (read write):
   11 00000000                 area             maram,data,readwrite
   12 00000000         
   13 00000000                 import           Son
   14 00000000                 import           LongueurSon
   15 00000000                 import           PeriodeSonMicroSec
   16 00000000                 export           CallbackSon
   17 00000000                 export           SortieSon
   18 00000000                 export           Index
   19 00000000         
   20 00000000         
   21 00000000         ; ======================================================
                       =========================================
   22 00000000         
   23 00000000 00000000 
                       SortieSon
                               dcd              0
   24 00000004 00000000 
                       Index   dcd              0
   25 00000008         
   26 00000008         ;*****ldrsh
   27 00000008         ;Section ROM code (read only) :  
   28 00000008                 area             moncode,code,readonly
   29 00000000                 include          ./Driver/DriverJeuLaser.inc
    1 00000000         
    2 00000000         ; Bibliotheque DriverJeuLaser (ancienne gassp72 adaptée 
                       2021 - TR)
    3 00000000         ; Accès en aux fonctions suivantes :
    4 00000000         ; GPIO :
    5 00000000         ; GPIOA_Set(char Broche), GPIOB_Set(char Broche), GPIOC_
                       Set(char Broche)
    6 00000000         ; GPIOA_Clear(char Broche), GPIOB_Clear(char Broche), GP
                       IOC_Clear(char Broche)
    7 00000000         
    8 00000000         ; PWM :
    9 00000000         ;/**
   10 00000000         ; * @brief  Fixe une valeur de PWM, Val, en tick horloge
                       . La rapport cyclique effectif
   11 00000000         ; * est donc : rcy = Thaut_ticks / Periode_ticks
   12 00000000         ; * @note   spécifique Jeu Laser, PWM liée exclusivement
                        au TIM3, chan3
   13 00000000         ; * @param  Thaut_ticks : durée de l'état haut d'une imp
                       ulsion en Ticks
   14 00000000         ;  * @retval None
   15 00000000         ; */
   16 00000000         
   17 00000000         ;void PWM_Set_Value_TIM3_Ch3( unsigned short int Thaut_t
                       icks);
   18 00000000                 import           PWM_Set_Value_TIM3_Ch3



ARM Macro Assembler    Page 2 


   19 00000000         
   20 00000000         
   21 00000000         
   22 00000000         ;/**
   23 00000000         ; * @brief  Mise à 1 d'une broche GPIO 
   24 00000000         ;  * @note   Une fonction par GPIO
   25 00000000         ; * @param  Broche : 0 à 15
   26 00000000         ; * @retval None
   27 00000000         ; */
   28 00000000         
   29 00000000         ;void GPIOA_Set(char Broche);
   30 00000000                 import           GPIOA_Set
   31 00000000         
   32 00000000         ;void GPIOB_Set(char Broche);
   33 00000000                 import           GPIOB_Set
   34 00000000         
   35 00000000         ;void GPIOC_Set(char Broche);
   36 00000000                 import           GPIOC_Set
   37 00000000         
   38 00000000         
   39 00000000         
   40 00000000         ;/**
   41 00000000         ; * @brief  Mise à 0 d'une broche GPIO 
   42 00000000         ;  * @note   Une fonction par GPIO
   43 00000000         ; * @param  Broche : 0 à 15
   44 00000000         ; * @retval None
   45 00000000         ;  */
   46 00000000         
   47 00000000         ;void GPIOA_Clear(char Broche);
   48 00000000                 import           GPIOA_Clear
   49 00000000         
   50 00000000         ;void GPIOB_Clear(char Broche);
   51 00000000                 import           GPIOB_Clear
   52 00000000         
   53 00000000         ;void GPIOC_Clear(char Broche);
   54 00000000                 import           GPIOC_Clear
   55 00000000         
   56 00000000                 end
   30 00000000         ; écrire le code ici  
   31 00000000         CallbackSon
                               proc
   32 00000000         
   33 00000000         ;   sortir Rx vers la pwm
   34 00000000         ;  indice ++
   35 00000000 B5F0            push             {lr,r4-r7}
   36 00000002         
   37 00000002 4C10            ldr              r4, =LongueurSon 
                                                            ;r4=&LongueurSon
   38 00000004 6821            ldr              r1, [r4]    ;r1=*LongueurSon 
   39 00000006 4C10            ldr              r4, =Index  ;r4=&Index
   40 00000008 6822            ldr              r2, [r4]    ;r2=*Index 
   41 0000000A         
   42 0000000A 428A            cmp              r2, r1      ;comparer la Longue
                                                            urSon et Index     
                                                             
   43 0000000C DA0F            bge              Finsi       ;        ;si Index 
                                                            >= LongueurSon, on 
                                                            passes à after
   44 0000000E         



ARM Macro Assembler    Page 3 


   45 0000000E         ; recup l'échantillon
   46 0000000E 490F            ldr              r1, =Son
   47 00000010 F931 0012       ldrsh            r0, [r1,r2, lsl #1]
   48 00000014         
   49 00000014         ;   mise à l'échelle de Rx
   50 00000014 4D0E            ldr              r5, =SortieSon
   51 00000016 F500 4000       add              r0, #32768  ; [-32768, 32768] -
                                                            > [0, 65536]
   52 0000001A F240 26CF       mov              r6, #719
   53 0000001E FB00 F006       mul              r0, r0, r6  ; [0, 65536]->[0,65
                                                            536*719]
   54 00000022         
   55 00000022 EA4F 4010       lsr              r0, r0, #16 ; [0,65536*719]->[0
                                                            ,719]
   56 00000026         
   57 00000026 6028            str              r0, [r5]    ; SortieSon = r0
   58 00000028         
   59 00000028         
   60 00000028         
   61 00000028 F102 0201       add              r2, r2, #1  ; i++
   62 0000002C 6022            str              r2, [r4]    ; Index = r2
   63 0000002E         
   64 0000002E         Finsi
   65 0000002E F7FF FFFE       bl               PWM_Set_Value_TIM3_Ch3 ;
   66 00000032 E8BD 40F0       pop              {lr,r4-r7}
   67 00000036         
   68 00000036 4770            bx               lr
   69 00000038                 ENDP
   70 00000038         
   71 00000038         StartSon
                               proc
   72 00000038 4903            ldr              r1, =Index
   73 0000003A F04F 0200       mov              r2, #0
   74 0000003E 800A            strh             r2, [r1]
   75 00000040 4770            bx               lr
   76 00000042                 endp
   77 00000042                 END
              00 00 00000000 
              00000000 
              00000000 
              00000000 
Command Line: --debug --xref --diag_suppress=9931 --cpu=Cortex-M3 --apcs=interw
ork --depend=.\obj\gestionson.d -o.\obj\gestionson.o -I.\RTE\_CibleSondeKEIL -I
C:\Programdata\Keil\Arm\Packs\ARM\CMSIS\5.7.0\CMSIS\Core\Include -IC:\Programda
ta\Keil\Arm\Packs\Keil\STM32F1xx_DFP\2.3.0\Device\Include --predefine="__EVAL S
ETA 1" --predefine="__MICROLIB SETA 1" --predefine="__UVISION_VERSION SETA 534"
 --predefine="_RTE_ SETA 1" --predefine="STM32F10X_MD SETA 1" --predefine="_RTE
_ SETA 1" --list=gestionson.lst Src\GestionSon.s



ARM Macro Assembler    Page 1 Alphabetic symbol ordering
Relocatable symbols

mesdata 00000000

Symbol: mesdata
   Definitions
      At line 7 in file Src\GestionSon.s
   Uses
      None
Comment: mesdata unused
1 symbol



ARM Macro Assembler    Page 1 Alphabetic symbol ordering
Relocatable symbols

Index 00000004

Symbol: Index
   Definitions
      At line 24 in file Src\GestionSon.s
   Uses
      At line 18 in file Src\GestionSon.s
      At line 39 in file Src\GestionSon.s
      At line 72 in file Src\GestionSon.s

SortieSon 00000000

Symbol: SortieSon
   Definitions
      At line 23 in file Src\GestionSon.s
   Uses
      At line 17 in file Src\GestionSon.s
      At line 50 in file Src\GestionSon.s

maram 00000000

Symbol: maram
   Definitions
      At line 11 in file Src\GestionSon.s
   Uses
      None
Comment: maram unused
3 symbols



ARM Macro Assembler    Page 1 Alphabetic symbol ordering
Relocatable symbols

CallbackSon 00000000

Symbol: CallbackSon
   Definitions
      At line 31 in file Src\GestionSon.s
   Uses
      At line 16 in file Src\GestionSon.s
Comment: CallbackSon used once
Finsi 0000002E

Symbol: Finsi
   Definitions
      At line 64 in file Src\GestionSon.s
   Uses
      At line 43 in file Src\GestionSon.s
Comment: Finsi used once
StartSon 00000038

Symbol: StartSon
   Definitions
      At line 71 in file Src\GestionSon.s
   Uses
      None
Comment: StartSon unused
moncode 00000000

Symbol: moncode
   Definitions
      At line 28 in file Src\GestionSon.s
   Uses
      None
Comment: moncode unused
4 symbols



ARM Macro Assembler    Page 1 Alphabetic symbol ordering
External symbols

GPIOA_Clear 00000000

Symbol: GPIOA_Clear
   Definitions
      At line 48 in file .\Driver\DriverJeuLaser.inc
   Uses
      None
Comment: GPIOA_Clear unused
GPIOA_Set 00000000

Symbol: GPIOA_Set
   Definitions
      At line 30 in file .\Driver\DriverJeuLaser.inc
   Uses
      None
Comment: GPIOA_Set unused
GPIOB_Clear 00000000

Symbol: GPIOB_Clear
   Definitions
      At line 51 in file .\Driver\DriverJeuLaser.inc
   Uses
      None
Comment: GPIOB_Clear unused
GPIOB_Set 00000000

Symbol: GPIOB_Set
   Definitions
      At line 33 in file .\Driver\DriverJeuLaser.inc
   Uses
      None
Comment: GPIOB_Set unused
GPIOC_Clear 00000000

Symbol: GPIOC_Clear
   Definitions
      At line 54 in file .\Driver\DriverJeuLaser.inc
   Uses
      None
Comment: GPIOC_Clear unused
GPIOC_Set 00000000

Symbol: GPIOC_Set
   Definitions
      At line 36 in file .\Driver\DriverJeuLaser.inc
   Uses
      None
Comment: GPIOC_Set unused
LongueurSon 00000000

Symbol: LongueurSon
   Definitions
      At line 14 in file Src\GestionSon.s
   Uses
      At line 37 in file Src\GestionSon.s
Comment: LongueurSon used once
PWM_Set_Value_TIM3_Ch3 00000000

Symbol: PWM_Set_Value_TIM3_Ch3



ARM Macro Assembler    Page 2 Alphabetic symbol ordering
External symbols

   Definitions
      At line 18 in file .\Driver\DriverJeuLaser.inc
   Uses
      At line 65 in file Src\GestionSon.s
Comment: PWM_Set_Value_TIM3_Ch3 used once
PeriodeSonMicroSec 00000000

Symbol: PeriodeSonMicroSec
   Definitions
      At line 15 in file Src\GestionSon.s
   Uses
      None
Comment: PeriodeSonMicroSec unused
Son 00000000

Symbol: Son
   Definitions
      At line 13 in file Src\GestionSon.s
   Uses
      At line 46 in file Src\GestionSon.s
Comment: Son used once
10 symbols
355 symbols in table
